<?xml version="1.0" encoding="UTF-8"?>
<!-- Generated by org.testng.reporters.JUnitReportReporter -->
<testsuite hostname="MacBook-Pro.attlocal.net" failures="0" tests="1" name="com.qa.fifa.SearchTest" time="27.857" errors="0" timestamp="2022-12-04T11:55:28 EST" skipped="0">
  <testcase classname="com.qa.fifa.SearchTest" name="validateSearch" time="27.857"/>
  <system-out/>
</testsuite> <!-- com.qa.fifa.SearchTest -->
